2017-12-18 11:24:50,743 [Worker-3] INFO  c.g.t.t.d.PublishedGradleVersions - Gradle version information cache is up-to-date. Trying to read.
2017-12-18 11:28:21,586 [Worker-8] INFO  o.e.m.c.i.l.LifecycleMappingFactory - Using org.eclipse.m2e.jdt.JarLifecycleMapping lifecycle mapping for MavenProject: nit:HBProj41-HibernateFilters:0.0.1-SNAPSHOT @ G:\Dheer\Documents\Class\HIBERNATE\HBProj41-HibernateFilters\pom.xml.
2017-12-18 11:28:23,387 [Worker-8] INFO  o.e.m.c.i.e.AbstractTransferListenerAdapter - Downloading https://repo.maven.apache.org/maven2/org/hibernate/hibernate-core/5.1.0.Final/hibernate-core-5.1.0.Final.pom
2017-12-18 11:28:23,602 [Worker-8] INFO  o.e.m.c.i.e.AbstractTransferListenerAdapter - Downloaded https://repo.maven.apache.org/maven2/org/hibernate/hibernate-core/5.1.0.Final/hibernate-core-5.1.0.Final.pom
2017-12-18 11:28:23,859 [Worker-8] INFO  o.e.m.c.i.e.AbstractTransferListenerAdapter - Downloading https://repo.maven.apache.org/maven2/org/apache/geronimo/specs/geronimo-jta_1.1_spec/1.1.1/geronimo-jta_1.1_spec-1.1.1.pom
2017-12-18 11:28:23,998 [Worker-8] INFO  o.e.m.c.i.e.AbstractTransferListenerAdapter - Downloaded https://repo.maven.apache.org/maven2/org/apache/geronimo/specs/geronimo-jta_1.1_spec/1.1.1/geronimo-jta_1.1_spec-1.1.1.pom
2017-12-18 11:28:24,247 [Worker-8] INFO  o.e.m.c.i.e.AbstractTransferListenerAdapter - Downloading https://repo.maven.apache.org/maven2/org/apache/geronimo/specs/specs/1.4/specs-1.4.pom
2017-12-18 11:28:24,407 [Worker-8] INFO  o.e.m.c.i.e.AbstractTransferListenerAdapter - Downloaded https://repo.maven.apache.org/maven2/org/apache/geronimo/specs/specs/1.4/specs-1.4.pom
2017-12-18 11:28:24,555 [Worker-8] INFO  o.e.m.c.i.e.AbstractTransferListenerAdapter - Downloading https://repo.maven.apache.org/maven2/org/apache/geronimo/genesis/config/project-config/1.2/project-config-1.2.pom
2017-12-18 11:28:24,825 [Worker-8] INFO  o.e.m.c.i.e.AbstractTransferListenerAdapter - Downloaded https://repo.maven.apache.org/maven2/org/apache/geronimo/genesis/config/project-config/1.2/project-config-1.2.pom
2017-12-18 11:28:24,972 [Worker-8] INFO  o.e.m.c.i.e.AbstractTransferListenerAdapter - Downloading https://repo.maven.apache.org/maven2/org/apache/geronimo/genesis/config/config/1.2/config-1.2.pom
2017-12-18 11:28:25,857 [Worker-8] INFO  o.e.m.c.i.e.AbstractTransferListenerAdapter - Downloaded https://repo.maven.apache.org/maven2/org/apache/geronimo/genesis/config/config/1.2/config-1.2.pom
2017-12-18 11:28:26,208 [Worker-8] INFO  o.e.m.c.i.e.AbstractTransferListenerAdapter - Downloading https://repo.maven.apache.org/maven2/org/apache/geronimo/genesis/genesis/1.2/genesis-1.2.pom
2017-12-18 11:28:26,356 [Worker-8] INFO  o.e.m.c.i.e.AbstractTransferListenerAdapter - Downloaded https://repo.maven.apache.org/maven2/org/apache/geronimo/genesis/genesis/1.2/genesis-1.2.pom
2017-12-18 11:28:26,538 [Worker-8] INFO  o.e.m.c.i.e.AbstractTransferListenerAdapter - Downloading https://repo.maven.apache.org/maven2/org/jboss/jandex/2.0.0.Final/jandex-2.0.0.Final.pom
2017-12-18 11:28:26,675 [Worker-8] INFO  o.e.m.c.i.e.AbstractTransferListenerAdapter - Downloaded https://repo.maven.apache.org/maven2/org/jboss/jandex/2.0.0.Final/jandex-2.0.0.Final.pom
2017-12-18 11:28:27,462 [Worker-8] WARN  o.e.m.c.i.embedder.EclipseLogger - The POM for oracleCorp:ojdbc6:jar:11.2 is missing, no dependency information available
2017-12-18 11:28:27,652 [Worker-8] INFO  o.e.m.c.i.e.AbstractTransferListenerAdapter - Downloading https://repo.maven.apache.org/maven2/org/hibernate/hibernate-core/5.1.0.Final/hibernate-core-5.1.0.Final.jar
2017-12-18 11:28:44,020 [Worker-8] INFO  o.e.m.c.i.e.AbstractTransferListenerAdapter - Downloaded https://repo.maven.apache.org/maven2/org/hibernate/hibernate-core/5.1.0.Final/hibernate-core-5.1.0.Final.jar
2017-12-18 11:28:44,155 [Worker-8] INFO  o.e.m.c.i.e.AbstractTransferListenerAdapter - Downloading https://repo.maven.apache.org/maven2/org/apache/geronimo/specs/geronimo-jta_1.1_spec/1.1.1/geronimo-jta_1.1_spec-1.1.1.jar
2017-12-18 11:28:44,369 [Worker-8] INFO  o.e.m.c.i.e.AbstractTransferListenerAdapter - Downloaded https://repo.maven.apache.org/maven2/org/apache/geronimo/specs/geronimo-jta_1.1_spec/1.1.1/geronimo-jta_1.1_spec-1.1.1.jar
2017-12-18 11:28:44,505 [Worker-8] INFO  o.e.m.c.i.e.AbstractTransferListenerAdapter - Downloading https://repo.maven.apache.org/maven2/org/jboss/jandex/2.0.0.Final/jandex-2.0.0.Final.jar
2017-12-18 11:28:45,389 [Worker-8] INFO  o.e.m.c.i.e.AbstractTransferListenerAdapter - Downloaded https://repo.maven.apache.org/maven2/org/jboss/jandex/2.0.0.Final/jandex-2.0.0.Final.jar
2017-12-18 11:29:04,294 [Worker-8] INFO  o.e.m.c.i.embedder.EclipseLogger - Using 'UTF-8' encoding to copy filtered resources.
2017-12-18 11:29:04,295 [Worker-8] INFO  o.e.m.c.i.embedder.EclipseLogger - skip non existing resourceDirectory G:\Dheer\Documents\Class\HIBERNATE\HBProj41-HibernateFilters\src\main\resources
2017-12-18 11:29:04,299 [Worker-8] INFO  o.e.m.c.i.embedder.EclipseLogger - Using 'UTF-8' encoding to copy filtered resources.
2017-12-18 11:29:04,299 [Worker-8] INFO  o.e.m.c.i.embedder.EclipseLogger - skip non existing resourceDirectory G:\Dheer\Documents\Class\HIBERNATE\HBProj41-HibernateFilters\src\test\resources
2017-12-18 11:29:04,772 [Worker-8] INFO  o.e.m.c.i.l.LifecycleMappingFactory - Using org.eclipse.m2e.jdt.JarLifecycleMapping lifecycle mapping for MavenProject: nit:HBProj41-HibernateFilters:0.0.1-SNAPSHOT @ G:\Dheer\Documents\Class\HIBERNATE\HBProj43-ComponentMapping\pom.xml.
2017-12-18 11:29:05,343 [Worker-8] WARN  o.e.m.c.i.embedder.EclipseLogger - The POM for oracleCorp:ojdbc6:jar:11.2 is missing, no dependency information available
2017-12-18 11:29:05,491 [Worker-8] INFO  o.e.m.c.i.embedder.EclipseLogger - Using 'UTF-8' encoding to copy filtered resources.
2017-12-18 11:29:05,492 [Worker-8] INFO  o.e.m.c.i.embedder.EclipseLogger - skip non existing resourceDirectory G:\Dheer\Documents\Class\HIBERNATE\HBProj43-ComponentMapping\src\main\resources
2017-12-18 11:29:05,494 [Worker-8] INFO  o.e.m.c.i.embedder.EclipseLogger - Using 'UTF-8' encoding to copy filtered resources.
2017-12-18 11:29:05,495 [Worker-8] INFO  o.e.m.c.i.embedder.EclipseLogger - skip non existing resourceDirectory G:\Dheer\Documents\Class\HIBERNATE\HBProj43-ComponentMapping\src\test\resources
2017-12-18 11:29:05,859 [Worker-8] INFO  o.e.m.c.i.l.LifecycleMappingFactory - Using org.eclipse.m2e.jdt.JarLifecycleMapping lifecycle mapping for MavenProject: nit:HBProj41-HibernateFilters:0.0.1-SNAPSHOT @ G:\Dheer\Documents\Class\HIBERNATE\HBProj45-InhMapping-TPCH\pom.xml.
2017-12-18 11:29:05,936 [Worker-8] WARN  o.e.m.c.i.embedder.EclipseLogger - The POM for oracleCorp:ojdbc6:jar:11.2 is missing, no dependency information available
2017-12-18 11:29:06,929 [Worker-8] INFO  o.e.m.c.i.e.AbstractTransferListenerAdapter - Downloading https://repo.maven.apache.org/maven2/org/hibernate/hibernate-c3p0/5.1.0.Final/hibernate-c3p0-5.1.0.Final.pom
2017-12-18 11:29:07,158 [Worker-8] INFO  o.e.m.c.i.e.AbstractTransferListenerAdapter - Downloaded https://repo.maven.apache.org/maven2/org/hibernate/hibernate-c3p0/5.1.0.Final/hibernate-c3p0-5.1.0.Final.pom
2017-12-18 11:29:07,356 [Worker-8] INFO  o.e.m.c.i.e.AbstractTransferListenerAdapter - Downloading https://repo.maven.apache.org/maven2/com/mchange/c3p0/0.9.2.1/c3p0-0.9.2.1.pom
2017-12-18 11:29:07,498 [Worker-8] INFO  o.e.m.c.i.e.AbstractTransferListenerAdapter - Downloaded https://repo.maven.apache.org/maven2/com/mchange/c3p0/0.9.2.1/c3p0-0.9.2.1.pom
2017-12-18 11:29:07,648 [Worker-8] INFO  o.e.m.c.i.e.AbstractTransferListenerAdapter - Downloading https://repo.maven.apache.org/maven2/com/mchange/mchange-commons-java/0.2.3.4/mchange-commons-java-0.2.3.4.pom
2017-12-18 11:29:07,789 [Worker-8] INFO  o.e.m.c.i.e.AbstractTransferListenerAdapter - Downloaded https://repo.maven.apache.org/maven2/com/mchange/mchange-commons-java/0.2.3.4/mchange-commons-java-0.2.3.4.pom
2017-12-18 11:29:07,970 [Worker-8] INFO  o.e.m.c.i.e.AbstractTransferListenerAdapter - Downloading https://repo.maven.apache.org/maven2/org/hibernate/hibernate-c3p0/5.1.0.Final/hibernate-c3p0-5.1.0.Final.jar
2017-12-18 11:29:08,182 [Worker-8] INFO  o.e.m.c.i.e.AbstractTransferListenerAdapter - Downloaded https://repo.maven.apache.org/maven2/org/hibernate/hibernate-c3p0/5.1.0.Final/hibernate-c3p0-5.1.0.Final.jar
2017-12-18 11:29:08,382 [Worker-8] INFO  o.e.m.c.i.e.AbstractTransferListenerAdapter - Downloading https://repo.maven.apache.org/maven2/com/mchange/c3p0/0.9.2.1/c3p0-0.9.2.1.jar
2017-12-18 11:29:09,730 [Worker-8] INFO  o.e.m.c.i.e.AbstractTransferListenerAdapter - Downloaded https://repo.maven.apache.org/maven2/com/mchange/c3p0/0.9.2.1/c3p0-0.9.2.1.jar
2017-12-18 11:29:09,919 [Worker-8] INFO  o.e.m.c.i.e.AbstractTransferListenerAdapter - Downloading https://repo.maven.apache.org/maven2/com/mchange/mchange-commons-java/0.2.3.4/mchange-commons-java-0.2.3.4.jar
2017-12-18 11:29:10,741 [Worker-8] INFO  o.e.m.c.i.e.AbstractTransferListenerAdapter - Downloaded https://repo.maven.apache.org/maven2/com/mchange/mchange-commons-java/0.2.3.4/mchange-commons-java-0.2.3.4.jar
2017-12-18 11:29:12,045 [Worker-8] INFO  o.e.m.c.i.embedder.EclipseLogger - Using 'UTF-8' encoding to copy filtered resources.
2017-12-18 11:29:12,045 [Worker-8] INFO  o.e.m.c.i.embedder.EclipseLogger - skip non existing resourceDirectory G:\Dheer\Documents\Class\HIBERNATE\HBProj45-InhMapping-TPCH\src\main\resources
2017-12-18 11:29:12,048 [Worker-8] INFO  o.e.m.c.i.embedder.EclipseLogger - Using 'UTF-8' encoding to copy filtered resources.
2017-12-18 11:29:12,048 [Worker-8] INFO  o.e.m.c.i.embedder.EclipseLogger - skip non existing resourceDirectory G:\Dheer\Documents\Class\HIBERNATE\HBProj45-InhMapping-TPCH\src\test\resources
2017-12-18 11:29:12,523 [Worker-8] INFO  o.e.m.c.i.l.LifecycleMappingFactory - Using org.eclipse.m2e.jdt.JarLifecycleMapping lifecycle mapping for MavenProject: nit:HBProj41-HibernateFilters:0.0.1-SNAPSHOT @ G:\Dheer\Documents\Class\HIBERNATE\HBProj46-InhMapping2-TPSC\pom.xml.
2017-12-18 11:29:12,705 [Worker-8] WARN  o.e.m.c.i.embedder.EclipseLogger - The POM for oracleCorp:ojdbc6:jar:11.2 is missing, no dependency information available
2017-12-18 11:29:13,171 [Worker-8] INFO  o.e.m.c.i.embedder.EclipseLogger - Using 'UTF-8' encoding to copy filtered resources.
2017-12-18 11:29:13,171 [Worker-8] INFO  o.e.m.c.i.embedder.EclipseLogger - skip non existing resourceDirectory G:\Dheer\Documents\Class\HIBERNATE\HBProj46-InhMapping2-TPSC\src\main\resources
2017-12-18 11:29:13,173 [Worker-8] INFO  o.e.m.c.i.embedder.EclipseLogger - Using 'UTF-8' encoding to copy filtered resources.
2017-12-18 11:29:13,173 [Worker-8] INFO  o.e.m.c.i.embedder.EclipseLogger - skip non existing resourceDirectory G:\Dheer\Documents\Class\HIBERNATE\HBProj46-InhMapping2-TPSC\src\test\resources
2017-12-18 11:29:13,492 [Worker-8] INFO  o.e.m.c.i.l.LifecycleMappingFactory - Using org.eclipse.m2e.jdt.JarLifecycleMapping lifecycle mapping for MavenProject: nit:HBProj41-HibernateFilters:0.0.1-SNAPSHOT @ G:\Dheer\Documents\Class\HIBERNATE\HBProj47-InhMapping3-TPCC\pom.xml.
2017-12-18 11:29:13,648 [Worker-8] WARN  o.e.m.c.i.embedder.EclipseLogger - The POM for oracleCorp:ojdbc6:jar:11.2 is missing, no dependency information available
2017-12-18 11:29:14,057 [Worker-8] INFO  o.e.m.c.i.embedder.EclipseLogger - Using 'UTF-8' encoding to copy filtered resources.
2017-12-18 11:29:14,057 [Worker-8] INFO  o.e.m.c.i.embedder.EclipseLogger - skip non existing resourceDirectory G:\Dheer\Documents\Class\HIBERNATE\HBProj47-InhMapping3-TPCC\src\main\resources
2017-12-18 11:29:14,062 [Worker-8] INFO  o.e.m.c.i.embedder.EclipseLogger - Using 'UTF-8' encoding to copy filtered resources.
2017-12-18 11:29:14,063 [Worker-8] INFO  o.e.m.c.i.embedder.EclipseLogger - skip non existing resourceDirectory G:\Dheer\Documents\Class\HIBERNATE\HBProj47-InhMapping3-TPCC\src\test\resources
2017-12-18 11:29:14,463 [Worker-8] INFO  o.e.m.c.i.l.LifecycleMappingFactory - Using org.eclipse.m2e.jdt.JarLifecycleMapping lifecycle mapping for MavenProject: nit:HBProj41-HibernateFilters:0.0.1-SNAPSHOT @ G:\Dheer\Documents\Class\HIBERNATE\HBProj48-InhMapping3-TPCC-ImplicitPolymorphism\pom.xml.
2017-12-18 11:29:14,577 [Worker-8] WARN  o.e.m.c.i.embedder.EclipseLogger - The POM for oracleCorp:ojdbc6:jar:11.2 is missing, no dependency information available
2017-12-18 11:29:15,935 [Worker-8] INFO  o.e.m.c.i.embedder.EclipseLogger - Using 'UTF-8' encoding to copy filtered resources.
2017-12-18 11:29:15,935 [Worker-8] INFO  o.e.m.c.i.embedder.EclipseLogger - skip non existing resourceDirectory G:\Dheer\Documents\Class\HIBERNATE\HBProj48-InhMapping3-TPCC-ImplicitPolymorphism\src\main\resources
2017-12-18 11:29:15,937 [Worker-8] INFO  o.e.m.c.i.embedder.EclipseLogger - Using 'UTF-8' encoding to copy filtered resources.
2017-12-18 11:29:15,937 [Worker-8] INFO  o.e.m.c.i.embedder.EclipseLogger - skip non existing resourceDirectory G:\Dheer\Documents\Class\HIBERNATE\HBProj48-InhMapping3-TPCC-ImplicitPolymorphism\src\test\resources
2017-12-18 11:29:16,988 [Worker-8] INFO  o.e.m.c.i.l.LifecycleMappingFactory - Using org.eclipse.m2e.jdt.JarLifecycleMapping lifecycle mapping for MavenProject: nit:HBProj41-HibernateFilters:0.0.1-SNAPSHOT @ G:\Dheer\Documents\Class\HIBERNATE\HBProj49-InhMapping2-TPSC2-Descriminator col\pom.xml.
2017-12-18 11:29:17,460 [Worker-8] WARN  o.e.m.c.i.embedder.EclipseLogger - The POM for oracleCorp:ojdbc6:jar:11.2 is missing, no dependency information available
2017-12-18 11:29:18,060 [Worker-8] INFO  o.e.m.c.i.embedder.EclipseLogger - Using 'UTF-8' encoding to copy filtered resources.
2017-12-18 11:29:18,060 [Worker-8] INFO  o.e.m.c.i.embedder.EclipseLogger - skip non existing resourceDirectory G:\Dheer\Documents\Class\HIBERNATE\HBProj49-InhMapping2-TPSC2-Descriminator col\src\main\resources
2017-12-18 11:29:18,065 [Worker-8] INFO  o.e.m.c.i.embedder.EclipseLogger - Using 'UTF-8' encoding to copy filtered resources.
2017-12-18 11:29:18,065 [Worker-8] INFO  o.e.m.c.i.embedder.EclipseLogger - skip non existing resourceDirectory G:\Dheer\Documents\Class\HIBERNATE\HBProj49-InhMapping2-TPSC2-Descriminator col\src\test\resources
2017-12-18 11:29:22,212 [Worker-8] INFO  o.e.m.c.i.l.LifecycleMappingFactory - Using org.maven.ide.eclipse.wtp.WarLifecycleMapping lifecycle mapping for MavenProject: nit:HBProjAnno40-PaginationWebApp:0.0.1-SNAPSHOT @ G:\Dheer\Documents\Class\HIBERNATE\HBProjAnno40-PaginationWebApp\pom.xml.
2017-12-18 11:29:23,231 [Worker-8] INFO  o.e.m.c.i.e.AbstractTransferListenerAdapter - Downloading https://repo.maven.apache.org/maven2/org/hibernate/hibernate-core/5.1.10.Final/hibernate-core-5.1.10.Final.pom
2017-12-18 11:29:23,374 [Worker-8] INFO  o.e.m.c.i.e.AbstractTransferListenerAdapter - Downloaded https://repo.maven.apache.org/maven2/org/hibernate/hibernate-core/5.1.10.Final/hibernate-core-5.1.10.Final.pom
2017-12-18 11:29:24,461 [Worker-8] INFO  o.e.m.c.i.e.AbstractTransferListenerAdapter - Downloading https://repo.maven.apache.org/maven2/javax/servlet/javax.servlet-api/4.0.0/javax.servlet-api-4.0.0.pom
2017-12-18 11:29:24,976 [Worker-8] INFO  o.e.m.c.i.e.AbstractTransferListenerAdapter - Downloaded https://repo.maven.apache.org/maven2/javax/servlet/javax.servlet-api/4.0.0/javax.servlet-api-4.0.0.pom
2017-12-18 11:29:25,278 [Worker-8] INFO  o.e.m.c.i.e.AbstractTransferListenerAdapter - Downloading https://repo.maven.apache.org/maven2/net/java/jvnet-parent/3/jvnet-parent-3.pom
2017-12-18 11:29:25,439 [Worker-8] INFO  o.e.m.c.i.e.AbstractTransferListenerAdapter - Downloaded https://repo.maven.apache.org/maven2/net/java/jvnet-parent/3/jvnet-parent-3.pom
2017-12-18 11:29:25,451 [Worker-8] WARN  o.e.m.c.i.embedder.EclipseLogger - The POM for oracleCorp:ojdbc6:jar:11.2 is missing, no dependency information available
2017-12-18 11:29:25,597 [Worker-8] INFO  o.e.m.c.i.e.AbstractTransferListenerAdapter - Downloading https://repo.maven.apache.org/maven2/javax/servlet/jstl/1.2/jstl-1.2.pom
2017-12-18 11:29:25,741 [Worker-8] INFO  o.e.m.c.i.e.AbstractTransferListenerAdapter - Downloaded https://repo.maven.apache.org/maven2/javax/servlet/jstl/1.2/jstl-1.2.pom
2017-12-18 11:29:25,890 [Worker-8] INFO  o.e.m.c.i.e.AbstractTransferListenerAdapter - Downloading https://repo.maven.apache.org/maven2/taglibs/standard/1.1.2/standard-1.1.2.pom
2017-12-18 11:29:26,103 [Worker-8] INFO  o.e.m.c.i.e.AbstractTransferListenerAdapter - Downloaded https://repo.maven.apache.org/maven2/taglibs/standard/1.1.2/standard-1.1.2.pom
2017-12-18 11:29:26,286 [Worker-8] INFO  o.e.m.c.i.e.AbstractTransferListenerAdapter - Downloading https://repo.maven.apache.org/maven2/org/hibernate/hibernate-core/5.1.10.Final/hibernate-core-5.1.10.Final.jar
2017-12-18 11:30:08,653 [Worker-8] INFO  o.e.m.c.i.e.AbstractTransferListenerAdapter - Downloaded https://repo.maven.apache.org/maven2/org/hibernate/hibernate-core/5.1.10.Final/hibernate-core-5.1.10.Final.jar
2017-12-18 11:30:08,797 [Worker-8] INFO  o.e.m.c.i.e.AbstractTransferListenerAdapter - Downloading https://repo.maven.apache.org/maven2/javax/servlet/javax.servlet-api/4.0.0/javax.servlet-api-4.0.0.jar
2017-12-18 11:30:09,607 [Worker-8] INFO  o.e.m.c.i.e.AbstractTransferListenerAdapter - Downloaded https://repo.maven.apache.org/maven2/javax/servlet/javax.servlet-api/4.0.0/javax.servlet-api-4.0.0.jar
2017-12-18 11:30:09,823 [Worker-8] INFO  o.e.m.c.i.e.AbstractTransferListenerAdapter - Downloading https://repo.maven.apache.org/maven2/javax/servlet/jstl/1.2/jstl-1.2.jar
2017-12-18 11:30:11,863 [Worker-8] INFO  o.e.m.c.i.e.AbstractTransferListenerAdapter - Downloaded https://repo.maven.apache.org/maven2/javax/servlet/jstl/1.2/jstl-1.2.jar
2017-12-18 11:30:12,171 [Worker-8] INFO  o.e.m.c.i.e.AbstractTransferListenerAdapter - Downloading https://repo.maven.apache.org/maven2/taglibs/standard/1.1.2/standard-1.1.2.jar
2017-12-18 11:30:13,545 [Worker-8] INFO  o.e.m.c.i.e.AbstractTransferListenerAdapter - Downloaded https://repo.maven.apache.org/maven2/taglibs/standard/1.1.2/standard-1.1.2.jar
2017-12-18 11:30:15,397 [Worker-8] WARN  o.e.m.c.i.embedder.EclipseLogger - The POM for oracleCorp:ojdbc6:jar:11.2 is missing, no dependency information available
2017-12-18 11:30:19,459 [Worker-8] WARN  o.e.m.c.i.embedder.EclipseLogger - Using platform encoding (Cp1252 actually) to copy filtered resources, i.e. build is platform dependent!
2017-12-18 11:30:19,659 [Worker-8] INFO  o.e.m.c.i.embedder.EclipseLogger - Copying 0 resource
2017-12-18 11:30:19,667 [Worker-8] WARN  o.e.m.c.i.embedder.EclipseLogger - Using platform encoding (Cp1252 actually) to copy filtered resources, i.e. build is platform dependent!
2017-12-18 11:30:19,670 [Worker-8] INFO  o.e.m.c.i.embedder.EclipseLogger - skip non existing resourceDirectory G:\Dheer\Documents\Class\HIBERNATE\HBProjAnno40-PaginationWebApp\src\test\resources
2017-12-18 11:30:24,160 [Worker-6] WARN  o.e.m.c.i.embedder.EclipseLogger - The POM for oracleCorp:ojdbc6:jar:11.2 is missing, no dependency information available
2017-12-18 11:30:24,178 [Worker-6] WARN  o.e.m.c.i.embedder.EclipseLogger - Using platform encoding (Cp1252 actually) to copy filtered resources, i.e. build is platform dependent!
2017-12-18 11:30:24,182 [Worker-6] INFO  o.e.m.c.i.embedder.EclipseLogger - Copying 0 resource
2017-12-18 11:30:24,183 [Worker-6] WARN  o.e.m.c.i.embedder.EclipseLogger - Using platform encoding (Cp1252 actually) to copy filtered resources, i.e. build is platform dependent!
2017-12-18 11:30:24,184 [Worker-6] INFO  o.e.m.c.i.embedder.EclipseLogger - skip non existing resourceDirectory G:\Dheer\Documents\Class\HIBERNATE\HBProjAnno40-PaginationWebApp\src\test\resources
2017-12-18 11:30:24,783 [Worker-6] INFO  o.e.m.c.i.l.LifecycleMappingFactory - Using org.eclipse.m2e.jdt.JarLifecycleMapping lifecycle mapping for MavenProject: nit:HBProj41-HibernateFilters:0.0.1-SNAPSHOT @ G:\Dheer\Documents\Class\HIBERNATE\HBProjAnno42-HibernateFilters2\pom.xml.
2017-12-18 11:30:24,839 [Worker-6] WARN  o.e.m.c.i.embedder.EclipseLogger - The POM for oracleCorp:ojdbc6:jar:11.2 is missing, no dependency information available
2017-12-18 11:30:24,965 [Worker-6] INFO  o.e.m.c.i.embedder.EclipseLogger - Using 'UTF-8' encoding to copy filtered resources.
2017-12-18 11:30:24,966 [Worker-6] INFO  o.e.m.c.i.embedder.EclipseLogger - skip non existing resourceDirectory G:\Dheer\Documents\Class\HIBERNATE\HBProjAnno42-HibernateFilters2\src\main\resources
2017-12-18 11:30:24,967 [Worker-6] INFO  o.e.m.c.i.embedder.EclipseLogger - Using 'UTF-8' encoding to copy filtered resources.
2017-12-18 11:30:24,967 [Worker-6] INFO  o.e.m.c.i.embedder.EclipseLogger - skip non existing resourceDirectory G:\Dheer\Documents\Class\HIBERNATE\HBProjAnno42-HibernateFilters2\src\test\resources
2017-12-18 11:30:25,875 [Worker-6] INFO  o.e.m.c.i.l.LifecycleMappingFactory - Using org.eclipse.m2e.jdt.JarLifecycleMapping lifecycle mapping for MavenProject: nit:HBProj41-HibernateFilters:0.0.1-SNAPSHOT @ G:\Dheer\Documents\Class\HIBERNATE\HBProjAnno44-ComponentMapping2\pom.xml.
2017-12-18 11:30:25,956 [Worker-6] WARN  o.e.m.c.i.embedder.EclipseLogger - The POM for oracleCorp:ojdbc6:jar:11.2 is missing, no dependency information available
2017-12-18 11:30:26,043 [Worker-6] INFO  o.e.m.c.i.embedder.EclipseLogger - Using 'UTF-8' encoding to copy filtered resources.
2017-12-18 11:30:26,044 [Worker-6] INFO  o.e.m.c.i.embedder.EclipseLogger - skip non existing resourceDirectory G:\Dheer\Documents\Class\HIBERNATE\HBProjAnno44-ComponentMapping2\src\main\resources
2017-12-18 11:30:26,045 [Worker-6] INFO  o.e.m.c.i.embedder.EclipseLogger - Using 'UTF-8' encoding to copy filtered resources.
2017-12-18 11:30:26,045 [Worker-6] INFO  o.e.m.c.i.embedder.EclipseLogger - skip non existing resourceDirectory G:\Dheer\Documents\Class\HIBERNATE\HBProjAnno44-ComponentMapping2\src\test\resources
