#
# A fatal error has been detected by the Java Runtime Environment:
#
#  EXCEPTION_ACCESS_VIOLATION (0xc0000005) at pc=0x00000000756c9575, pid=17668, tid=0x0000000000003298
#
# JRE version: Java(TM) SE Runtime Environment (8.0_92-b14) (build 1.8.0_92-b14)
# Java VM: Java HotSpot(TM) 64-Bit Server VM (25.92-b14 mixed mode windows-amd64 compressed oops)
# Problematic frame:
# V  [jvm.dll+0x129575]
#
# Failed to write core dump. Minidumps are not enabled by default on client versions of Windows
#
# If you would like to submit a bug report, please visit:
#   http://bugreport.java.com/bugreport/crash.jsp
#

---------------  T H R E A D  ---------------

Current thread (0x00000000171ac800):  JavaThread "JDWP Transport Listener: dt_socket" daemon [_thread_in_vm, id=12952, stack(0x0000000018b60000,0x0000000018c60000)]

siginfo: ExceptionCode=0xc0000005, reading address 0xffffffffffffffff

Registers:
RAX=0x0000000018c5f501, RBX=0x00000000171ac800, RCX=0x7373616c432f676e, RDX=0x0000000000000000
RSP=0x0000000018c5f5a0, RBP=0x7373616c432f676e, RSI=0x0000000018c5f6b8, RDI=0x0000000000b1e420
R8 =0x00000000171ac800, R9 =0x0000000000000001, R10=0x0000000000008000, R11=0x0000000018c5f4f0
R12=0x0000000000000000, R13=0x00000000171b7008, R14=0x0000000000000000, R15=0x0000000000000000
RIP=0x00000000756c9575, EFLAGS=0x0000000000010202

Top of Stack: (sp=0x0000000018c5f5a0)
0x0000000018c5f5a0:   00000000171ac800 00000000171ac800
0x0000000018c5f5b0:   0000000018c5f668 00000000758cfbab
0x0000000018c5f5c0:   00000000171ac800 00000000758ec40d
0x0000000018c5f5d0:   0000000000000000 00000000747d9155
0x0000000018c5f5e0:   000000001b0be450 00000000747e291e
0x0000000018c5f5f0:   00000000171ac800 0000000000000000
0x0000000018c5f600:   0000000000000000 0000000000000000
0x0000000018c5f610:   7373616c432f676e 00000000747e1a15
0x0000000018c5f620:   0000000018c5f6b8 0000000018c5f690
0x0000000018c5f630:   0000000000000001 000000001b0be450
0x0000000018c5f640:   7373616c432f676e 00000000747c53b3
0x0000000018c5f650:   0000000018c5f780 0000000000000001
0x0000000018c5f660:   0000000000000001 000000001b0be450
0x0000000018c5f670:   0000000000000001 0000000000000000
0x0000000018c5f680:   0000000000000000 0000000000000000
0x0000000018c5f690:   0000000000000001 00000000747c5571 

Instructions: (pc=0x00000000756c9575)
0x00000000756c9555:   cc cc cc cc cc cc cc cc cc cc cc 48 83 ec 28 48
0x00000000756c9565:   85 c9 75 07 33 c0 48 83 c4 28 c3 48 89 5c 24 20
0x00000000756c9575:   48 8b 19 48 85 db 74 20 48 83 fb 37 74 1a 48 8b
0x00000000756c9585:   13 48 8b cb ff 52 10 84 c0 74 0d 48 8b c3 48 8b 


Register to memory mapping:

RAX=0x0000000018c5f501 is pointing into the stack for thread: 0x00000000171ac800
RBX=0x00000000171ac800 is a thread
RCX=0x7373616c432f676e is an unknown value
RDX=0x0000000000000000 is an unknown value
RSP=0x0000000018c5f5a0 is pointing into the stack for thread: 0x00000000171ac800
RBP=0x7373616c432f676e is an unknown value
RSI=0x0000000018c5f6b8 is pointing into the stack for thread: 0x00000000171ac800
RDI=0x0000000000b1e420 is an unknown value
R8 =0x00000000171ac800 is a thread
R9 =0x0000000000000001 is an unknown value
R10=0x0000000000008000 is an unknown value
R11=0x0000000018c5f4f0 is pointing into the stack for thread: 0x00000000171ac800
R12=0x0000000000000000 is an unknown value
R13=0x00000000171b7008 is an unknown value
R14=0x0000000000000000 is an unknown value
R15=0x0000000000000000 is an unknown value


Stack: [0x0000000018b60000,0x0000000018c60000],  sp=0x0000000018c5f5a0,  free space=1021k
Native frames: (J=compiled Java code, j=interpreted, Vv=VM code, C=native code)
V  [jvm.dll+0x129575]
V  [jvm.dll+0x34c40d]
C  [jdwp.dll+0x21a15]
C  [jdwp.dll+0x53b3]
C  [jdwp.dll+0x5571]
C  [jdwp.dll+0xf0a8]
C  [jdwp.dll+0x1f2d5]
C  [jdwp.dll+0x1f4aa]
V  [jvm.dll+0x1bc3e8]
V  [jvm.dll+0x244314]
V  [jvm.dll+0x29b34a]
C  [msvcr100.dll+0x21d9f]
C  [msvcr100.dll+0x21e3b]
C  [KERNEL32.DLL+0x17bd4]
C  [ntdll.dll+0x6ced1]


---------------  P R O C E S S  ---------------

Java Threads: ( => current thread )
  0x000000001e1e5000 JavaThread "DestroyJavaVM" [_thread_blocked, id=18220, stack(0x00000000024b0000,0x00000000025b0000)]
  0x000000001e1e4800 JavaThread "http-nio-8080-Acceptor" daemon [_thread_in_native, id=16304, stack(0x0000000020040000,0x0000000020140000)]
  0x000000001e1dd800 JavaThread "http-nio-8080-ClientPoller" daemon [_thread_in_native, id=16908, stack(0x000000001ff40000,0x0000000020040000)]
  0x000000001e1e3000 JavaThread "http-nio-8080-exec-10" daemon [_thread_blocked, id=11436, stack(0x000000001fe40000,0x000000001ff40000)]
  0x000000001e1e3800 JavaThread "http-nio-8080-exec-9" daemon [_thread_blocked, id=11048, stack(0x000000001fd40000,0x000000001fe40000)]
  0x000000001e1e2000 JavaThread "http-nio-8080-exec-8" daemon [_thread_blocked, id=2708, stack(0x000000001fc40000,0x000000001fd40000)]
  0x000000001b4ad800 JavaThread "http-nio-8080-exec-7" daemon [_thread_blocked, id=16108, stack(0x000000001fb40000,0x000000001fc40000)]
  0x000000001b4aa800 JavaThread "http-nio-8080-exec-6" daemon [_thread_blocked, id=19040, stack(0x000000001fa40000,0x000000001fb40000)]
  0x000000001b4ad000 JavaThread "http-nio-8080-exec-5" daemon [_thread_blocked, id=16520, stack(0x000000001f940000,0x000000001fa40000)]
  0x000000001b4ab800 JavaThread "http-nio-8080-exec-4" daemon [_thread_blocked, id=15916, stack(0x000000001f840000,0x000000001f940000)]
  0x000000001b4b0800 JavaThread "http-nio-8080-exec-3" daemon [_thread_blocked, id=17112, stack(0x000000001f740000,0x000000001f840000)]
  0x000000001b4b1800 JavaThread "http-nio-8080-exec-2" daemon [_thread_blocked, id=18036, stack(0x000000001f640000,0x000000001f740000)]
  0x000000001b4b0000 JavaThread "http-nio-8080-exec-1" daemon [_thread_blocked, id=18716, stack(0x000000001f540000,0x000000001f640000)]
  0x000000001b4af000 JavaThread "http-nio-8080-BlockPoller" daemon [_thread_in_native, id=14368, stack(0x000000001f440000,0x000000001f540000)]
  0x000000001b4ac000 JavaThread "HikariPool-1 housekeeper" daemon [_thread_blocked, id=16392, stack(0x000000001d670000,0x000000001d770000)]
  0x000000001b475800 JavaThread "mysql-cj-abandoned-connection-cleanup" daemon [_thread_blocked, id=14740, stack(0x000000001cd70000,0x000000001ce70000)]
  0x000000001b417000 JavaThread "container-0" [_thread_blocked, id=11976, stack(0x000000001cc70000,0x000000001cd70000)]
  0x000000001b416000 JavaThread "Catalina-utility-2" [_thread_blocked, id=2720, stack(0x000000001cb70000,0x000000001cc70000)]
  0x000000001b3f3000 JavaThread "Catalina-utility-1" [_thread_blocked, id=17640, stack(0x000000001ca70000,0x000000001cb70000)]
  0x000000001b253000 JavaThread "RMI Scheduler(0)" daemon [_thread_blocked, id=8320, stack(0x000000001c470000,0x000000001c570000)]
  0x000000001b23d800 JavaThread "RMI TCP Connection(2)-127.0.0.1" daemon [_thread_in_native, id=16188, stack(0x000000001a5a0000,0x000000001a6a0000)]
  0x000000001981e000 JavaThread "RMI TCP Accept-0" daemon [_thread_in_native, id=14236, stack(0x000000001a060000,0x000000001a160000)]
  0x00000000197a3800 JavaThread "RMI TCP Accept-55105" daemon [_thread_in_native, id=16888, stack(0x0000000019f60000,0x000000001a060000)]
  0x00000000197ee800 JavaThread "RMI TCP Accept-0" daemon [_thread_in_native, id=18100, stack(0x0000000019e60000,0x0000000019f60000)]
  0x00000000191a5000 JavaThread "Service Thread" daemon [_thread_blocked, id=13272, stack(0x0000000019560000,0x0000000019660000)]
  0x00000000171da000 JavaThread "C1 CompilerThread2" daemon [_thread_blocked, id=11996, stack(0x0000000019060000,0x0000000019160000)]
  0x00000000171cf800 JavaThread "C2 CompilerThread1" daemon [_thread_blocked, id=7720, stack(0x0000000018f60000,0x0000000019060000)]
  0x00000000171ca800 JavaThread "C2 CompilerThread0" daemon [_thread_blocked, id=18236, stack(0x0000000018e60000,0x0000000018f60000)]
  0x00000000171be800 JavaThread "JDWP Command Reader" daemon [_thread_in_native, id=6424, stack(0x0000000018d60000,0x0000000018e60000)]
  0x00000000171bd000 JavaThread "JDWP Event Helper Thread" daemon [_thread_blocked, id=2996, stack(0x0000000018c60000,0x0000000018d60000)]
=>0x00000000171ac800 JavaThread "JDWP Transport Listener: dt_socket" daemon [_thread_in_vm, id=12952, stack(0x0000000018b60000,0x0000000018c60000)]
  0x00000000171a3800 JavaThread "Attach Listener" daemon [_thread_blocked, id=8584, stack(0x0000000018720000,0x0000000018820000)]
  0x00000000171a2800 JavaThread "Signal Dispatcher" daemon [_thread_blocked, id=18060, stack(0x0000000018620000,0x0000000018720000)]
  0x000000001718a000 JavaThread "Finalizer" daemon [_thread_blocked, id=11576, stack(0x0000000018420000,0x0000000018520000)]
  0x0000000017169000 JavaThread "Reference Handler" daemon [_thread_blocked, id=17712, stack(0x0000000018320000,0x0000000018420000)]

Other Threads:
  0x0000000017167000 VMThread [stack: 0x0000000018220000,0x0000000018320000] [id=18504]
  0x000000001981f000 WatcherThread [stack: 0x000000001a160000,0x000000001a260000] [id=18892]

VM state:not at safepoint (normal execution)

VM Mutex/Monitor currently owned by a thread: None

Heap:
 PSYoungGen      total 206336K, used 30879K [0x00000000d6000000, 0x00000000e7c80000, 0x0000000100000000)
  eden space 195072K, 10% used [0x00000000d6000000,0x00000000d732f050,0x00000000e1e80000)
  from space 11264K, 99% used [0x00000000e1e80000,0x00000000e2978d40,0x00000000e2980000)
  to   space 17920K, 0% used [0x00000000e6b00000,0x00000000e6b00000,0x00000000e7c80000)
 ParOldGen       total 73728K, used 26577K [0x0000000082000000, 0x0000000086800000, 0x00000000d6000000)
  object space 73728K, 36% used [0x0000000082000000,0x00000000839f45b8,0x0000000086800000)
 Metaspace       used 54332K, capacity 57310K, committed 57344K, reserved 1097728K
  class space    used 7660K, capacity 8169K, committed 8192K, reserved 1048576K

Card table byte_map: [0x0000000011a70000,0x0000000011e70000] byte_map_base: 0x0000000011660000

Marking Bits: (ParMarkBitMap*) 0x0000000075db64f0
 Begin Bits: [0x0000000012510000, 0x0000000014490000)
 End Bits:   [0x0000000014490000, 0x0000000016410000)

Polling page: 0x0000000000610000

CodeCache: size=245760Kb used=7697Kb max_used=7746Kb free=238062Kb
 bounds [0x00000000026b0000, 0x0000000002e50000, 0x00000000116b0000]
 total_blobs=4472 nmethods=3930 adapters=462
 compilation: enabled

Compilation events (10 events):
Event: 39.946 Thread 0x00000000171da000 3972       1       java.lang.System$2::blockedOn (6 bytes)
Event: 39.947 Thread 0x00000000171da000 nmethod 3972 0x000000000282b090 code [0x000000000282b200, 0x000000000282b4d0]
Event: 40.838 Thread 0x00000000171da000 3974       1       java.util.concurrent.locks.AbstractQueuedSynchronizer::isOnSyncQueue (33 bytes)
Event: 40.838 Thread 0x00000000171da000 nmethod 3974 0x000000000282acd0 code [0x000000000282ae20, 0x000000000282afb0]
Event: 40.838 Thread 0x00000000171da000 3973       1       java.util.concurrent.ScheduledThreadPoolExecutor$DelayedWorkQueue::setIndex (16 bytes)
Event: 40.839 Thread 0x00000000171da000 nmethod 3973 0x000000000282a950 code [0x000000000282aaa0, 0x000000000282ac30]
Event: 42.837 Thread 0x00000000171da000 3975       1       java.util.concurrent.locks.AbstractQueuedSynchronizer$Node::predecessor (19 bytes)
Event: 42.838 Thread 0x00000000171da000 nmethod 3975 0x0000000002a963d0 code [0x0000000002a96540, 0x0000000002a96708]
Event: 44.610 Thread 0x00000000171da000 3976       1       java.io.ObjectStreamField::setOffset (6 bytes)
Event: 44.610 Thread 0x00000000171da000 nmethod 3976 0x0000000002a96110 code [0x0000000002a96260, 0x0000000002a96370]

GC Heap History (10 events):
Event: 3.913 GC heap before
{Heap before GC invocations=7 (full 1):
 PSYoungGen      total 70656K, used 65536K [0x00000000d6000000, 0x00000000df100000, 0x0000000100000000)
  eden space 65536K, 100% used [0x00000000d6000000,0x00000000da000000,0x00000000da000000)
  from space 5120K, 0% used [0x00000000da000000,0x00000000da000000,0x00000000da500000)
  to   space 8704K, 0% used [0x00000000de880000,0x00000000de880000,0x00000000df100000)
 ParOldGen       total 49152K, used 5564K [0x0000000082000000, 0x0000000085000000, 0x00000000d6000000)
  object space 49152K, 11% used [0x0000000082000000,0x000000008256f278,0x0000000085000000)
 Metaspace       used 23646K, capacity 24710K, committed 24832K, reserved 1071104K
  class space    used 3257K, capacity 3504K, committed 3584K, reserved 1048576K
Event: 3.923 GC heap after
Heap after GC invocations=7 (full 1):
 PSYoungGen      total 121856K, used 7025K [0x00000000d6000000, 0x00000000def80000, 0x0000000100000000)
  eden space 114688K, 0% used [0x00000000d6000000,0x00000000d6000000,0x00000000dd000000)
  from space 7168K, 98% used [0x00000000de880000,0x00000000def5c5b8,0x00000000def80000)
  to   space 8704K, 0% used [0x00000000dde80000,0x00000000dde80000,0x00000000de700000)
 ParOldGen       total 49152K, used 5572K [0x0000000082000000, 0x0000000085000000, 0x00000000d6000000)
  object space 49152K, 11% used [0x0000000082000000,0x0000000082571278,0x0000000085000000)
 Metaspace       used 23646K, capacity 24710K, committed 24832K, reserved 1071104K
  class space    used 3257K, capacity 3504K, committed 3584K, reserved 1048576K
}
Event: 5.444 GC heap before
{Heap before GC invocations=8 (full 1):
 PSYoungGen      total 121856K, used 121713K [0x00000000d6000000, 0x00000000def80000, 0x0000000100000000)
  eden space 114688K, 100% used [0x00000000d6000000,0x00000000dd000000,0x00000000dd000000)
  from space 7168K, 98% used [0x00000000de880000,0x00000000def5c5b8,0x00000000def80000)
  to   space 8704K, 0% used [0x00000000dde80000,0x00000000dde80000,0x00000000de700000)
 ParOldGen       total 49152K, used 5572K [0x0000000082000000, 0x0000000085000000, 0x00000000d6000000)
  object space 49152K, 11% used [0x0000000082000000,0x0000000082571278,0x0000000085000000)
 Metaspace       used 31833K, capacity 33636K, committed 33920K, reserved 1079296K
  class space    used 4333K, capacity 4693K, committed 4736K, reserved 1048576K
Event: 5.464 GC heap after
Heap after GC invocations=8 (full 1):
 PSYoungGen      total 138240K, used 8692K [0x00000000d6000000, 0x00000000e3400000, 0x0000000100000000)
  eden space 129536K, 0% used [0x00000000d6000000,0x00000000d6000000,0x00000000dde80000)
  from space 8704K, 99% used [0x00000000dde80000,0x00000000de6fd1c8,0x00000000de700000)
  to   space 10752K, 0% used [0x00000000e2980000,0x00000000e2980000,0x00000000e3400000)
 ParOldGen       total 49152K, used 8090K [0x0000000082000000, 0x0000000085000000, 0x00000000d6000000)
  object space 49152K, 16% used [0x0000000082000000,0x00000000827e6a58,0x0000000085000000)
 Metaspace       used 31833K, capacity 33636K, committed 33920K, reserved 1079296K
  class space    used 4333K, capacity 4693K, committed 4736K, reserved 1048576K
}
Event: 5.719 GC heap before
{Heap before GC invocations=9 (full 1):
 PSYoungGen      total 138240K, used 24717K [0x00000000d6000000, 0x00000000e3400000, 0x0000000100000000)
  eden space 129536K, 12% used [0x00000000d6000000,0x00000000d6fa6400,0x00000000dde80000)
  from space 8704K, 99% used [0x00000000dde80000,0x00000000de6fd1c8,0x00000000de700000)
  to   space 10752K, 0% used [0x00000000e2980000,0x00000000e2980000,0x00000000e3400000)
 ParOldGen       total 49152K, used 8090K [0x0000000082000000, 0x0000000085000000, 0x00000000d6000000)
  object space 49152K, 16% used [0x0000000082000000,0x00000000827e6a58,0x0000000085000000)
 Metaspace       used 33586K, capacity 35334K, committed 35496K, reserved 1079296K
  class space    used 4700K, capacity 5046K, committed 5120K, reserved 1048576K
Event: 5.733 GC heap after
Heap after GC invocations=9 (full 1):
 PSYoungGen      total 205824K, used 8569K [0x00000000d6000000, 0x00000000e5000000, 0x0000000100000000)
  eden space 195072K, 0% used [0x00000000d6000000,0x00000000d6000000,0x00000000e1e80000)
  from space 10752K, 79% used [0x00000000e2980000,0x00000000e31de440,0x00000000e3400000)
  to   space 11264K, 0% used [0x00000000e1e80000,0x00000000e1e80000,0x00000000e2980000)
 ParOldGen       total 49152K, used 8098K [0x0000000082000000, 0x0000000085000000, 0x00000000d6000000)
  object space 49152K, 16% used [0x0000000082000000,0x00000000827e8a58,0x0000000085000000)
 Metaspace       used 33586K, capacity 35334K, committed 35496K, reserved 1079296K
  class space    used 4700K, capacity 5046K, committed 5120K, reserved 1048576K
}
Event: 5.733 GC heap before
{Heap before GC invocations=10 (full 2):
 PSYoungGen      total 205824K, used 8569K [0x00000000d6000000, 0x00000000e5000000, 0x0000000100000000)
  eden space 195072K, 0% used [0x00000000d6000000,0x00000000d6000000,0x00000000e1e80000)
  from space 10752K, 79% used [0x00000000e2980000,0x00000000e31de440,0x00000000e3400000)
  to   space 11264K, 0% used [0x00000000e1e80000,0x00000000e1e80000,0x00000000e2980000)
 ParOldGen       total 49152K, used 8098K [0x0000000082000000, 0x0000000085000000, 0x00000000d6000000)
  object space 49152K, 16% used [0x0000000082000000,0x00000000827e8a58,0x0000000085000000)
 Metaspace       used 33586K, capacity 35334K, committed 35496K, reserved 1079296K
  class space    used 4700K, capacity 5046K, committed 5120K, reserved 1048576K
Event: 5.865 GC heap after
Heap after GC invocations=10 (full 2):
 PSYoungGen      total 205824K, used 0K [0x00000000d6000000, 0x00000000e5000000, 0x0000000100000000)
  eden space 195072K, 0% used [0x00000000d6000000,0x00000000d6000000,0x00000000e1e80000)
  from space 10752K, 0% used [0x00000000e2980000,0x00000000e2980000,0x00000000e3400000)
  to   space 11264K, 0% used [0x00000000e1e80000,0x00000000e1e80000,0x00000000e2980000)
 ParOldGen       total 73728K, used 13102K [0x0000000082000000, 0x0000000086800000, 0x00000000d6000000)
  object space 73728K, 17% used [0x0000000082000000,0x0000000082ccb8b0,0x0000000086800000)
 Metaspace       used 33586K, capacity 35334K, committed 35496K, reserved 1079296K
  class space    used 4700K, capacity 5046K, committed 5120K, reserved 1048576K
}
Event: 20.769 GC heap before
{Heap before GC invocations=11 (full 2):
 PSYoungGen      total 205824K, used 195072K [0x00000000d6000000, 0x00000000e5000000, 0x0000000100000000)
  eden space 195072K, 100% used [0x00000000d6000000,0x00000000e1e80000,0x00000000e1e80000)
  from space 10752K, 0% used [0x00000000e2980000,0x00000000e2980000,0x00000000e3400000)
  to   space 11264K, 0% used [0x00000000e1e80000,0x00000000e1e80000,0x00000000e2980000)
 ParOldGen       total 73728K, used 13102K [0x0000000082000000, 0x0000000086800000, 0x00000000d6000000)
  object space 73728K, 17% used [0x0000000082000000,0x0000000082ccb8b0,0x0000000086800000)
 Metaspace       used 53432K, capacity 56358K, committed 56576K, reserved 1097728K
  class space    used 7563K, capacity 8095K, committed 8192K, reserved 1048576K
Event: 20.807 GC heap after
Heap after GC invocations=11 (full 2):
 PSYoungGen      total 206336K, used 11235K [0x00000000d6000000, 0x00000000e7c80000, 0x0000000100000000)
  eden space 195072K, 0% used [0x00000000d6000000,0x00000000d6000000,0x00000000e1e80000)
  from space 11264K, 99% used [0x00000000e1e80000,0x00000000e2978d40,0x00000000e2980000)
  to   space 17920K, 0% used [0x00000000e6b00000,0x00000000e6b00000,0x00000000e7c80000)
 ParOldGen       total 73728K, used 26577K [0x0000000082000000, 0x0000000086800000, 0x00000000d6000000)
  object space 73728K, 36% used [0x0000000082000000,0x00000000839f45b8,0x0000000086800000)
 Metaspace       used 53432K, capacity 56358K, committed 56576K, reserved 1097728K
  class space    used 7563K, capacity 8095K, committed 8192K, reserved 1048576K
}

Deoptimization events (0 events):
No events

Internal exceptions (10 events):
Event: 34.889 Thread 0x000000001b23d800 Exception <a 'java/lang/ClassNotFoundException': org/springframework/context/support/LiveBeansView> (0x00000000d6eba290) thrown at [D:\re\workspace\8-2-build-windows-amd64-cygwin\jdk8u92\6642\hotspot\src\share\vm\classfile\systemDictionary.cpp, line 210]
Event: 34.889 Thread 0x000000001b23d800 Exception <a 'java/lang/ClassNotFoundException': org/springframework/context/support/LiveBeansView> (0x00000000d6eba5b0) thrown at [D:\re\workspace\8-2-build-windows-amd64-cygwin\jdk8u92\6642\hotspot\src\share\vm\classfile\systemDictionary.cpp, line 210]
Event: 34.889 Thread 0x000000001b23d800 Exception <a 'java/lang/ClassNotFoundException': org/springframework/context/support/LiveBeansView> (0x00000000d6eba8e8) thrown at [D:\re\workspace\8-2-build-windows-amd64-cygwin\jdk8u92\6642\hotspot\src\share\vm\classfile\systemDictionary.cpp, line 210]
Event: 34.889 Thread 0x000000001b23d800 Exception <a 'java/lang/ClassNotFoundException': org/springframework/context/support/LiveBeansView> (0x00000000d6ebac18) thrown at [D:\re\workspace\8-2-build-windows-amd64-cygwin\jdk8u92\6642\hotspot\src\share\vm\classfile\systemDictionary.cpp, line 210]
Event: 34.889 Thread 0x000000001b23d800 Exception <a 'java/lang/ClassNotFoundException': org/springframework/context/support/LiveBeansView> (0x00000000d6ebb038) thrown at [D:\re\workspace\8-2-build-windows-amd64-cygwin\jdk8u92\6642\hotspot\src\share\vm\classfile\systemDictionary.cpp, line 210]
Event: 34.889 Thread 0x000000001b23d800 Exception <a 'java/lang/ClassNotFoundException': org/springframework/context/support/LiveBeansView> (0x00000000d6ebb368) thrown at [D:\re\workspace\8-2-build-windows-amd64-cygwin\jdk8u92\6642\hotspot\src\share\vm\classfile\systemDictionary.cpp, line 210]
Event: 34.889 Thread 0x000000001b23d800 Exception <a 'java/lang/ClassNotFoundException': org/springframework/context/support/LiveBeansView> (0x00000000d6ebb6c8) thrown at [D:\re\workspace\8-2-build-windows-amd64-cygwin\jdk8u92\6642\hotspot\src\share\vm\classfile\systemDictionary.cpp, line 210]
Event: 34.891 Thread 0x000000001b23d800 Exception <a 'java/lang/ClassNotFoundException': org/springframework/context/support/LiveBeansView> (0x00000000d6ed9930) thrown at [D:\re\workspace\8-2-build-windows-amd64-cygwin\jdk8u92\6642\hotspot\src\share\vm\classfile\systemDictionary.cpp, line 210]
Event: 34.891 Thread 0x000000001b23d800 Exception <a 'java/lang/ClassNotFoundException': org/springframework/context/support/LiveBeansView> (0x00000000d6ed9c88) thrown at [D:\re\workspace\8-2-build-windows-amd64-cygwin\jdk8u92\6642\hotspot\src\share\vm\classfile\systemDictionary.cpp, line 210]
Event: 34.891 Thread 0x000000001b23d800 Exception <a 'java/lang/ClassNotFoundException': org/springframework/context/support/LiveBeansView> (0x00000000d6eda098) thrown at [D:\re\workspace\8-2-build-windows-amd64-cygwin\jdk8u92\6642\hotspot\src\share\vm\classfile\systemDictionary.cpp, line 210]

Events (10 events):
Event: 34.891 Thread 0x000000001b23d800 DEOPT UNPACKING pc=0x00000000026f787f sp=0x000000001a69c9f0 mode 1
Event: 34.891 Thread 0x000000001b23d800 DEOPT PACKING pc=0x0000000002e345f4 sp=0x000000001a69cd30
Event: 34.891 Thread 0x000000001b23d800 DEOPT UNPACKING pc=0x00000000026f787f sp=0x000000001a69cb78 mode 1
Event: 34.894 loading class java/rmi/server/UnicastRemoteObject
Event: 34.895 loading class java/rmi/server/UnicastRemoteObject done
Event: 34.896 Thread 0x000000001b258000 Thread exited: 0x000000001b258000
Event: 44.606 loading class sun/net/ResourceManager
Event: 44.607 loading class sun/net/ResourceManager done
Event: 44.723 Executing VM operation: RedefineClasses
Event: 44.745 Executing VM operation: RedefineClasses done


Dynamic libraries:
0x00007ff71d020000 - 0x00007ff71d057000 	C:\Program Files\Java\jre1.8.0_92\bin\javaw.exe
0x00007ff8c4000000 - 0x00007ff8c41f0000 	C:\WINDOWS\SYSTEM32\ntdll.dll
0x00007ff8c3200000 - 0x00007ff8c32b2000 	C:\WINDOWS\System32\KERNEL32.DLL
0x00007ff8c11d0000 - 0x00007ff8c1473000 	C:\WINDOWS\System32\KERNELBASE.dll
0x00007ff8c2520000 - 0x00007ff8c25c3000 	C:\WINDOWS\System32\ADVAPI32.dll
0x00007ff8c3d70000 - 0x00007ff8c3e0e000 	C:\WINDOWS\System32\msvcrt.dll
0x00007ff8c32c0000 - 0x00007ff8c3357000 	C:\WINDOWS\System32\sechost.dll
0x00007ff8c3020000 - 0x00007ff8c3140000 	C:\WINDOWS\System32\RPCRT4.dll
0x00007ff8c2d30000 - 0x00007ff8c2ec4000 	C:\WINDOWS\System32\USER32.dll
0x00007ff8c0f90000 - 0x00007ff8c0fb1000 	C:\WINDOWS\System32\win32u.dll
0x00007ff8c3d40000 - 0x00007ff8c3d66000 	C:\WINDOWS\System32\GDI32.dll
0x00007ff8c1d40000 - 0x00007ff8c1ed4000 	C:\WINDOWS\System32\gdi32full.dll
0x00007ff8c1ca0000 - 0x00007ff8c1d3e000 	C:\WINDOWS\System32\msvcp_win.dll
0x00007ff8c0fc0000 - 0x00007ff8c10ba000 	C:\WINDOWS\System32\ucrtbase.dll
0x00007ff8b7ac0000 - 0x00007ff8b7d45000 	C:\WINDOWS\WinSxS\amd64_microsoft.windows.common-controls_6595b64144ccf1df_6.0.18362.720_none_e6beb5c51314836b\COMCTL32.dll
0x00007ff8c3930000 - 0x00007ff8c3c66000 	C:\WINDOWS\System32\combase.dll
0x00007ff8c2030000 - 0x00007ff8c20b0000 	C:\WINDOWS\System32\bcryptPrimitives.dll
0x00007ff8c3f90000 - 0x00007ff8c3fbe000 	C:\WINDOWS\System32\IMM32.DLL
0x0000000074800000 - 0x00000000748d2000 	C:\Program Files\Java\jre1.8.0_92\bin\msvcr100.dll
0x00000000755a0000 - 0x0000000075e36000 	C:\Program Files\Java\jre1.8.0_92\bin\server\jvm.dll
0x00007ff8c37c0000 - 0x00007ff8c37c8000 	C:\WINDOWS\System32\PSAPI.DLL
0x00007ff8b9f50000 - 0x00007ff8b9f5a000 	C:\WINDOWS\SYSTEM32\VERSION.dll
0x00007ff8ba1b0000 - 0x00007ff8ba1d4000 	C:\WINDOWS\SYSTEM32\WINMM.dll
0x00007ff8b7680000 - 0x00007ff8b7689000 	C:\WINDOWS\SYSTEM32\WSOCK32.dll
0x00007ff8c2ed0000 - 0x00007ff8c2f3f000 	C:\WINDOWS\System32\WS2_32.dll
0x00007ff8b9f60000 - 0x00007ff8b9f8d000 	C:\WINDOWS\SYSTEM32\winmmbase.dll
0x00007ff8c1480000 - 0x00007ff8c14ca000 	C:\WINDOWS\System32\cfgmgr32.dll
0x0000000050000000 - 0x000000005000f000 	C:\Program Files\Java\jre1.8.0_92\bin\verify.dll
0x0000000076410000 - 0x0000000076439000 	C:\Program Files\Java\jre1.8.0_92\bin\java.dll
0x00000000747c0000 - 0x00000000747f5000 	C:\Program Files\Java\jre1.8.0_92\bin\jdwp.dll
0x00000000747b0000 - 0x00000000747b8000 	C:\Program Files\Java\jre1.8.0_92\bin\npt.dll
0x0000000076500000 - 0x0000000076516000 	C:\Program Files\Java\jre1.8.0_92\bin\zip.dll
0x00007ff8c25d0000 - 0x00007ff8c2cb5000 	C:\WINDOWS\System32\SHELL32.dll
0x00007ff8c3710000 - 0x00007ff8c37b9000 	C:\WINDOWS\System32\shcore.dll
0x00007ff8c14f0000 - 0x00007ff8c1c70000 	C:\WINDOWS\System32\windows.storage.dll
0x00007ff8c0ef0000 - 0x00007ff8c0f13000 	C:\WINDOWS\System32\profapi.dll
0x00007ff8c0f40000 - 0x00007ff8c0f8a000 	C:\WINDOWS\System32\powrprof.dll
0x00007ff8c0ec0000 - 0x00007ff8c0ed0000 	C:\WINDOWS\System32\UMPDC.dll
0x00007ff8c2fc0000 - 0x00007ff8c3012000 	C:\WINDOWS\System32\shlwapi.dll
0x00007ff8c0ed0000 - 0x00007ff8c0ee1000 	C:\WINDOWS\System32\kernel.appcore.dll
0x00007ff8c14d0000 - 0x00007ff8c14e7000 	C:\WINDOWS\System32\cryptsp.dll
0x00000000747a0000 - 0x00000000747a9000 	C:\Program Files\Java\jre1.8.0_92\bin\dt_socket.dll
0x00007ff8b3ac0000 - 0x00007ff8b3ad6000 	C:\WINDOWS\system32\napinsp.dll
0x00007ff8b3a80000 - 0x00007ff8b3a9a000 	C:\WINDOWS\system32\pnrpnsp.dll
0x00007ff8c06d0000 - 0x00007ff8c0737000 	C:\WINDOWS\System32\mswsock.dll
0x00007ff8c0420000 - 0x00007ff8c04ea000 	C:\WINDOWS\SYSTEM32\DNSAPI.dll
0x00007ff8c3f00000 - 0x00007ff8c3f08000 	C:\WINDOWS\System32\NSI.dll
0x00007ff8c03e0000 - 0x00007ff8c041a000 	C:\WINDOWS\SYSTEM32\IPHLPAPI.DLL
0x00007ff8b39c0000 - 0x00007ff8b39ce000 	C:\WINDOWS\System32\winrnr.dll
0x00007ff8bbd10000 - 0x00007ff8bbd2c000 	C:\WINDOWS\system32\NLAapi.dll
0x00007ff8b39a0000 - 0x00007ff8b39b5000 	C:\WINDOWS\system32\wshbth.dll
0x00007ff8bac00000 - 0x00007ff8bac77000 	C:\WINDOWS\System32\fwpuclnt.dll
0x00007ff8c1c70000 - 0x00007ff8c1c96000 	C:\WINDOWS\System32\bcrypt.dll
0x00007ff8b7fb0000 - 0x00007ff8b7fba000 	C:\Windows\System32\rasadhlp.dll
0x0000000075f50000 - 0x0000000075f5d000 	C:\Program Files\Java\jre1.8.0_92\bin\management.dll
0x0000000075fb0000 - 0x0000000075fca000 	C:\Program Files\Java\jre1.8.0_92\bin\net.dll
0x0000000075f90000 - 0x0000000075fa1000 	C:\Program Files\Java\jre1.8.0_92\bin\nio.dll
0x00007ff8c0240000 - 0x00007ff8c0273000 	C:\WINDOWS\system32\rsaenh.dll
0x00007ff8c0de0000 - 0x00007ff8c0e05000 	C:\WINDOWS\SYSTEM32\USERENV.dll
0x00007ff8c08a0000 - 0x00007ff8c08ac000 	C:\WINDOWS\SYSTEM32\CRYPTBASE.dll
0x00007ff8baec0000 - 0x00007ff8baed6000 	C:\WINDOWS\SYSTEM32\dhcpcsvc6.DLL
0x00007ff8bb680000 - 0x00007ff8bb69c000 	C:\WINDOWS\SYSTEM32\dhcpcsvc.DLL
0x00007ff8bf850000 - 0x00007ff8bfa44000 	C:\WINDOWS\SYSTEM32\dbghelp.dll

VM Arguments:
jvm_args: -agentlib:jdwp=transport=dt_socket,suspend=y,address=localhost:55106 -Dcom.sun.management.jmxremote -Dcom.sun.management.jmxremote.port=55105 -Dcom.sun.management.jmxremote.authenticate=false -Dcom.sun.management.jmxremote.ssl=false -Djava.rmi.server.hostname=localhost -Dspring.jmx.enabled=true -Dspring.application.admin.enabled=true -Xverify:none -XX:TieredStopAtLevel=1 -Dspring.boot.project.name=ArzDs_Sb_Security-MySql -Dfile.encoding=UTF-8 
java_command: com.arzds.ArzDsSbSecurityMySqlApplication --spring.output.ansi.enabled=always
java_class_path (initial): G:\Dheer\Documents\SpringBoot_Security\ArzDs_Sb_Security-MySql\target\classes;C:\Users\Dheer\.m2\repository\org\springframework\boot\spring-boot-starter-data-jpa\2.2.5.RELEASE\spring-boot-starter-data-jpa-2.2.5.RELEASE.jar;C:\Users\Dheer\.m2\repository\org\springframework\boot\spring-boot-starter-aop\2.2.5.RELEASE\spring-boot-starter-aop-2.2.5.RELEASE.jar;C:\Users\Dheer\.m2\repository\org\aspectj\aspectjweaver\1.9.5\aspectjweaver-1.9.5.jar;C:\Users\Dheer\.m2\repository\org\springframework\boot\spring-boot-starter-jdbc\2.2.5.RELEASE\spring-boot-starter-jdbc-2.2.5.RELEASE.jar;C:\Users\Dheer\.m2\repository\com\zaxxer\HikariCP\3.4.2\HikariCP-3.4.2.jar;C:\Users\Dheer\.m2\repository\org\springframework\spring-jdbc\5.2.4.RELEASE\spring-jdbc-5.2.4.RELEASE.jar;C:\Users\Dheer\.m2\repository\jakarta\activation\jakarta.activation-api\1.2.2\jakarta.activation-api-1.2.2.jar;C:\Users\Dheer\.m2\repository\jakarta\persistence\jakarta.persistence-api\2.2.3\jakarta.persistence-api-2.2.3.jar;C:\Users\Dheer\.m2\repository\jakarta\transaction\jakarta.transaction-api\1.3.3\jakarta.transaction-api-1.3.3.jar;C:\Users\Dheer\.m2\repository\org\hibernate\hibernate-core\5.4.12.Final\hibernate-core-5.4.12.Final.jar;C:\Users\Dheer\.m2\repository\org\jboss\logging\jboss-logging\3.4.1.Final\jboss-logging-3.4.1.Final.jar;C:\Users\Dheer\.m2\repository\org\javassist\javassist\3.24.0-GA\javassist-3.24.0-GA.jar;C:\Users\Dheer\.m2\repository\net\bytebuddy\byte-buddy\1.10.8\byte-buddy-1.10.8.jar;C:\Users\Dheer\.m2\repository\antlr\antlr\2.7.7\antlr-2.7.7.jar;C:\Users\Dheer\.m2\repository\org\jboss\jandex\2.1.1.Final\jandex-2.1.1.Final.jar;C:\Users\Dheer\.m2\repository\com\fasterxml\classmate\1.5.1\classmate-1.5.1.jar;C:\Users\Dheer\.m2\repository\org\dom4j\dom4j\2.1.1\dom4j-2.1.1.jar;C:\Users\Dheer\.m2\repository\org\hibernate\common\hibernate-commons-annotations\5.1.0.Final\hibernate-commons-annotations-5.1.0.Final.jar;C:\Users\Dheer\.m2\repository\org\glassfish\jaxb\jaxb-run
Launcher Type: SUN_STANDARD

Environment Variables:
PATH=C:/Program Files/Java/jre1.8.0_92/bin/server;C:/Program Files/Java/jre1.8.0_92/bin;C:/Program Files/Java/jre1.8.0_92/lib/amd64;C:\ProgramData\Oracle\Java\javapath;C:\Program Files\Intel\iCLS Client\;C:\WINDOWS\system32;C:\WINDOWS;C:\WINDOWS\System32\Wbem;C:\WINDOWS\System32\WindowsPowerShell\v1.0\;C:\Program Files (x86)\Intel\Intel(R) Management Engine Components\DAL;C:\Program Files\Intel\Intel(R) Management Engine Components\DAL;C:\WINDOWS\System32\OpenSSH\;C:\Program Files\Intel\WiFi\bin\;C:\Program Files\Common Files\Intel\WirelessCommon\;C:\Program Files\nodejs\;C:\Program Files\Git\cmd;C:\Users\Dheer\AppData\Local\Microsoft\WindowsApps;C:\Users\Dheer\AppData\Local\Programs\Microsoft VS Code\bin;C:\Users\Dheer\AppData\Roaming\npm;;F:\Dheer\spring-tool-suite-4-4.5.0.RELEASE-e4.14.0-win32.win32.x86_64.self-extracting\contents\sts-4.5.0.RELEASE;
USERNAME=Dheer
OS=Windows_NT
PROCESSOR_IDENTIFIER=Intel64 Family 6 Model 142 Stepping 9, GenuineIntel



---------------  S Y S T E M  ---------------

OS: Windows 10.0 , 64 bit Build 18362 (10.0.18362.329)

CPU:total 4 (2 cores per cpu, 2 threads per core) family 6 model 142 stepping 9, cmov, cx8, fxsr, mmx, sse, sse2, sse3, ssse3, sse4.1, sse4.2, popcnt, avx, avx2, aes, clmul, erms, 3dnowpref, lzcnt, ht, tsc, tscinvbit, bmi1, bmi2, adx

Memory: 4k page, physical 8255256k(2552504k free), swap 14022424k(6280404k free)

vm_info: Java HotSpot(TM) 64-Bit Server VM (25.92-b14) for windows-amd64 JRE (1.8.0_92-b14), built on Mar 31 2016 21:03:04 by "java_re" with MS VC++ 10.0 (VS2010)

time: Sat Mar 14 20:23:22 2020
elapsed time: 44 seconds (0d 0h 0m 44s)

